
> api@0.0.1 lint
> eslint "{src,apps,libs,test}/**/*.ts" --fix


Oops! Something went wrong! :(

ESLint: 8.57.1

Error [ERR_MODULE_NOT_FOUND]: Cannot find package 'typescript-eslint' imported from /Users/surya/Desktop/mea-dashboard/mea-web/apps/api/eslint.config.mjs
    at Object.getPackageJSONURL (node:internal/modules/package_json_reader:301:9)
    at packageResolve (node:internal/modules/esm/resolve:764:81)
    at moduleResolve (node:internal/modules/esm/resolve:855:18)
    at defaultResolve (node:internal/modules/esm/resolve:988:11)
    at #cachedDefaultResolve (node:internal/modules/esm/loader:697:20)
    at #resolveAndMaybeBlockOnLoaderThread (node:internal/modules/esm/loader:714:38)
    at ModuleLoader.resolveSync (node:internal/modules/esm/loader:746:52)
    at #resolve (node:internal/modules/esm/loader:679:17)
    at ModuleLoader.getOrCreateModuleJob (node:internal/modules/esm/loader:599:35)
    at ModuleJob.syncLink (node:internal/modules/esm/module_job:162:33)
npm error Lifecycle script `lint` failed with error:
npm error code 2
npm error path /Users/surya/Desktop/mea-dashboard/mea-web/apps/api
npm error workspace api@0.0.1
npm error location /Users/surya/Desktop/mea-dashboard/mea-web/apps/api
npm error command failed
npm error command sh -c eslint "{src,apps,libs,test}/**/*.ts" --fix
